- 2023.10.27 Label_Change_Tool_v1.0.5
```
1. 修复因为没有删除wrong_file下文件,导致无法点击转换按钮（目前改为每次启动前都会删除所有wrong_file下的文件）
2. 为了统一把标签文件也全部转为小写（如果不需要，请源码修改删除对应部分）
3. 修复因为voc和xml转txt时,后面小数点太多,导致在linux环境下学习精度问题(某位网友发现的),目前改为只保留6位小数
4. 添加pyinstall打包指令在doc中
```



- 2023.10.27 Label_Change_Tool_v1.0.4
```
1. 修复图片大写的问题
2. 修复图片格式为大写.JPG导致导入精灵标注助手识别bug问题。默认会先把图片大写JPG转为小写jpg
```


- 2023.9.17 Label_Change_Tool_v1.0.3
```
1. 修复源码因python版本问题导致强转失败
2. 优化代码
3. 修改完成方式，改为完成了才能重新点击转换按钮
```

- 2023.8.30 Label_Change_Tool_v1.0.2
```
修复因为nuitka打包导致某些电脑无法运行的问题,改为pyinstall打包
```

- 2023.8.26 Label_Change_Tool_v1.01
```
修改已知问题
```